<?xml version="1.0" encoding="UTF-8"?>
<!-- Generated by org.testng.reporters.JUnitReportReporter -->
<testsuite hostname="E0986900" failures="0" tests="1" name="Base.BaseTest" time="0.010" errors="0" timestamp="2023-12-26T15:42:11 EET" skipped="0">
  <testcase classname="Base.BaseTest" name="useM" time="0.010"/>
</testsuite> <!-- Base.BaseTest -->
